<?xml version="1.0" encoding="UTF-8"?>
<!-- Generated by org.testng.reporters.JUnitXMLReporter -->
<testsuite ignored="0" hostname="Abhi_laptop" failures="1" tests="10" name="API Tests" time="9.816" errors="0" timestamp="2025-08-23T23:55:51 BST">
  <testcase classname="APItest1.APItest" name="testDataDrivenCSV" time="3.27">
    <failure type="java.lang.AssertionError" message="Title mismatch at row 2">
      <![CDATA[java.lang.AssertionError: Title mismatch at row 2
at APItest1.APICRUDTests.datadrivencsv(APICRUDTests.java:347)
at APItest1.APItest.testDataDrivenCSV(APItest.java:57)
at java.base/java.util.ArrayList.forEach(ArrayList.java:1597)
... Removed 25 stack frames]]>
    </failure>
  </testcase> <!-- testDataDrivenCSV -->
  <testcase classname="APItest1.APItest" name="testDelete" time="0.377"/>
  <testcase classname="APItest1.APItest" name="testDownloadFile" time="1.196"/>
  <testcase classname="APItest1.APItest" name="testFileUploadDownload" time="0.589"/>
  <testcase classname="APItest1.APItest" name="testGet" time="1.467"/>
  <testcase classname="APItest1.APItest" name="testPagination" time="0.979"/>
  <testcase classname="APItest1.APItest" name="testPost" time="0.191"/>
  <testcase classname="APItest1.APItest" name="testPostTime" time="0.184"/>
  <testcase classname="APItest1.APItest" name="testPut" time="0.522"/>
  <testcase classname="APItest1.APItest" name="testSchema" time="0.926"/>
</testsuite> <!-- API Tests -->
